<?xml version="1.0" encoding="UTF-8"?>
<testsuite xmlns:xsi="http://www.w3.org/2001/XMLSchema-instance" xsi:noNamespaceSchemaLocation="https://maven.apache.org/surefire/maven-surefire-plugin/xsd/surefire-test-report-3.0.xsd" version="3.0" name="TestSuite" time="16.989" tests="4" errors="0" skipped="0" failures="1">
  <properties>
[...]
</properties>
  <testcase name="validateNavigationBar" classname="AcadmyTest.validateNavigationBar" time="0.06">
    <system-out><![CDATA[chrome
chrome
chrome
]]></system-out>
    <system-err><![CDATA[Starting ChromeDriver 88.0.4324.96 (68dba2d8a0b149a1d3afac56fa74648032bcf46b-refs/branch-heads/4324@{#1784}) on port 31525
SOtnaly lrotcianlg  CchornonmeeDcritviero n8s8. 0a.4r3e a2l4l.o96 (w6e8ddb.a2d
8aP0bl1e49aas1de3 afsaec5e6 fah7t46480t32bpcfs4://chr6ombe-drreifsv/berran.cch-hhreaodmsi/4u3m24.@o{#17r84}g) /ons epocrt 36u8r09ity
-Ocnolnys ilSdoetcrartaaitlnig  ocCnhorsno mnfeeoDcrritv eisr uo88ng.0sg. 4e3as24tr.ie96o  na(sl6 loonw e8dd.kbae2
deP8pal0ieb1an49gsa1 edC 3hasfreaoce5m6 efahD7t4t6rps:4i//8v0c3e2rhb crsfo4a6mfb-eerde.frsi/
bvreanrc.hc-hheradosm/4i3u24m@.{#o1r78g4}/) sone cpourtr i3t6y7-3c0on
sOindleyr altoicalo ncso nfnoerc tsiuogngse satrieo nallowed.s
P loena skee espeien gh tCthprso:/m/eCcDhhrrirovomemere dDsrraiifvveee.rr. 
cwharso misutma.rotregd/ sseucucrcietsys-fcuolnlsyi.
derations for suggestions on keeping ChromeDriver safe.
ChromeDriver was started successfully.
ChromeDriver was started successfully.
[161[7122691[8712462019.7842472039.8]4[4703W.A]4R[7NW3AI]N[RGWN]AI:RN NGTI]Nh:i sGT ]hv:ie sr Tsvhieiorssn i vooenfr  soCifh orCnho rmooemfeDD rriCihvvereror m hehaDarsis v nenorot t h abbsee eennno  ttt eebessettnee ddt  ewwsiitttehhd   CCwhihrtromhoem  eCv hverreosrmiseoi nov en8r 899s..io

n 89.
Mar 31, 2021 6:30:40 PM org.openqa.selenium.remote.ProtocolHandshake createSession
INFO: Detected dialect: W3C
Mar 31, 2021 6:30:40 PM org.openqa.selenium.remote.ProtocolHandshake createSession
INFO: Detected dialect: W3C
Mar 31, 2021 6:30:40 PM org.openqa.selenium.remote.ProtocolHandshake createSession
INFO: Detected dialect: W3C
]]></system-err>
  </testcase>
  <testcase name="ValidateWebTitle" classname="AcadmyTest.validateTitle" time="0.427">
    <failure message="expected [FEATURED COURSES111] but found [FEATURED COURSES]" type="java.lang.AssertionError"><![CDATA[java.lang.AssertionError: expected [FEATURED COURSES111] but found [FEATURED COURSES]
	at AcadmyTest.validateTitle.ValidateWebTitle(validateTitle.java:30)
]]></failure>
  </testcase>
  <testcase name="basePageNavigation[restrecteduser@qw.com, 123456, restricted User](1)" classname="AcadmyTest.HomePage" time="2.364"/>
  <testcase name="basePageNavigation[Nonrestrecteduser@qw.com, 123466, Nonrestrected users](2)" classname="AcadmyTest.HomePage" time="4.6"/>
</testsuite>