-------------------------------------------------------------------------------
Test set: TestSuite
-------------------------------------------------------------------------------
Tests run: 4, Failures: 1, Errors: 0, Skipped: 0, Time elapsed: 16.989 s <<< FAILURE! - in TestSuite
AcadmyTest.validateTitle.ValidateWebTitle  Time elapsed: 0.427 s  <<< FAILURE!
java.lang.AssertionError: expected [FEATURED COURSES111] but found [FEATURED COURSES]
	at AcadmyTest.validateTitle.ValidateWebTitle(validateTitle.java:30)

